27 Apr 2017, 20:59:50.449 [   INFO] [   FXGL.SystemLogger] [                     main] System Logger is initialized
27 Apr 2017, 20:59:50.463 [  FINER] [   FXGL.SystemLogger] [                     main] Logging System Info
27 Apr 2017, 20:59:50.463 [  FINER] [   FXGL.SystemLogger] [                     main] CPU cores: 4
27 Apr 2017, 20:59:50.466 [  FINER] [   FXGL.SystemLogger] [                     main] Free Memory: 115MB
27 Apr 2017, 20:59:50.467 [  FINER] [   FXGL.SystemLogger] [                     main] Max Memory: 1814MB
27 Apr 2017, 20:59:50.467 [  FINER] [   FXGL.SystemLogger] [                     main] Total Memory: 123MB
27 Apr 2017, 20:59:50.467 [  FINER] [   FXGL.SystemLogger] [                     main] System Properties:
27 Apr 2017, 20:59:50.469 [  FINER] [   FXGL.SystemLogger] [                     main] sun.cpu.isalist=amd64
27 Apr 2017, 20:59:50.469 [  FINER] [   FXGL.SystemLogger] [                     main] sun.desktop=windows
27 Apr 2017, 20:59:50.469 [  FINER] [   FXGL.SystemLogger] [                     main] sun.io.unicode.encoding=UnicodeLittle
27 Apr 2017, 20:59:50.470 [  FINER] [   FXGL.SystemLogger] [                     main] sun.cpu.endian=little
27 Apr 2017, 20:59:50.470 [  FINER] [   FXGL.SystemLogger] [                     main] java.vendor.url.bug=http://bugreport.sun.com/bugreport/
27 Apr 2017, 20:59:50.470 [  FINER] [   FXGL.SystemLogger] [                     main] file.separator=\
27 Apr 2017, 20:59:50.470 [  FINER] [   FXGL.SystemLogger] [                     main] java.vendor=Oracle Corporation
27 Apr 2017, 20:59:50.471 [  FINER] [   FXGL.SystemLogger] [                     main] sun.boot.class.path=C:\Program Files\Java\jdk1.8.0_111\jre\lib\resources.jar;C:\Program Files\Java\jdk1.8.0_111\jre\lib\rt.jar;C:\Program Files\Java\jdk1.8.0_111\jre\lib\sunrsasign.jar;C:\Program Files\Java\jdk1.8.0_111\jre\lib\jsse.jar;C:\Program Files\Java\jdk1.8.0_111\jre\lib\jce.jar;C:\Program Files\Java\jdk1.8.0_111\jre\lib\charsets.jar;C:\Program Files\Java\jdk1.8.0_111\jre\lib\jfr.jar;C:\Program Files\Java\jdk1.8.0_111\jre\classes
27 Apr 2017, 20:59:50.471 [  FINER] [   FXGL.SystemLogger] [                     main] java.ext.dirs=C:\Program Files\Java\jdk1.8.0_111\jre\lib\ext;C:\Windows\Sun\Java\lib\ext
27 Apr 2017, 20:59:50.471 [  FINER] [   FXGL.SystemLogger] [                     main] java.version=1.8.0_111
27 Apr 2017, 20:59:50.472 [  FINER] [   FXGL.SystemLogger] [                     main] java.vm.info=mixed mode
27 Apr 2017, 20:59:50.472 [  FINER] [   FXGL.SystemLogger] [                     main] awt.toolkit=sun.awt.windows.WToolkit
27 Apr 2017, 20:59:50.473 [  FINER] [   FXGL.SystemLogger] [                     main] user.language=en
27 Apr 2017, 20:59:50.473 [  FINER] [   FXGL.SystemLogger] [                     main] java.specification.vendor=Oracle Corporation
27 Apr 2017, 20:59:50.473 [  FINER] [   FXGL.SystemLogger] [                     main] sun.java.command=com.intellij.rt.execution.application.AppMain com.lukelavin.orbit.OrbitApp
27 Apr 2017, 20:59:50.474 [  FINER] [   FXGL.SystemLogger] [                     main] java.home=C:\Program Files\Java\jdk1.8.0_111\jre
27 Apr 2017, 20:59:50.475 [  FINER] [   FXGL.SystemLogger] [                     main] sun.arch.data.model=64
27 Apr 2017, 20:59:50.475 [  FINER] [   FXGL.SystemLogger] [                     main] java.vm.specification.version=1.8
27 Apr 2017, 20:59:50.475 [  FINER] [   FXGL.SystemLogger] [                     main] java.class.path=C:\Program Files\Java\jdk1.8.0_111\jre\lib\charsets.jar;C:\Program Files\Java\jdk1.8.0_111\jre\lib\deploy.jar;C:\Program Files\Java\jdk1.8.0_111\jre\lib\ext\access-bridge-64.jar;C:\Program Files\Java\jdk1.8.0_111\jre\lib\ext\cldrdata.jar;C:\Program Files\Java\jdk1.8.0_111\jre\lib\ext\dnsns.jar;C:\Program Files\Java\jdk1.8.0_111\jre\lib\ext\jaccess.jar;C:\Program Files\Java\jdk1.8.0_111\jre\lib\ext\jfxrt.jar;C:\Program Files\Java\jdk1.8.0_111\jre\lib\ext\localedata.jar;C:\Program Files\Java\jdk1.8.0_111\jre\lib\ext\nashorn.jar;C:\Program Files\Java\jdk1.8.0_111\jre\lib\ext\sunec.jar;C:\Program Files\Java\jdk1.8.0_111\jre\lib\ext\sunjce_provider.jar;C:\Program Files\Java\jdk1.8.0_111\jre\lib\ext\sunmscapi.jar;C:\Program Files\Java\jdk1.8.0_111\jre\lib\ext\sunpkcs11.jar;C:\Program Files\Java\jdk1.8.0_111\jre\lib\ext\zipfs.jar;C:\Program Files\Java\jdk1.8.0_111\jre\lib\javaws.jar;C:\Program Files\Java\jdk1.8.0_111\jre\lib\jce.jar;C:\Program Files\Java\jdk1.8.0_111\jre\lib\jfr.jar;C:\Program Files\Java\jdk1.8.0_111\jre\lib\jfxswt.jar;C:\Program Files\Java\jdk1.8.0_111\jre\lib\jsse.jar;C:\Program Files\Java\jdk1.8.0_111\jre\lib\management-agent.jar;C:\Program Files\Java\jdk1.8.0_111\jre\lib\plugin.jar;C:\Program Files\Java\jdk1.8.0_111\jre\lib\resources.jar;C:\Program Files\Java\jdk1.8.0_111\jre\lib\rt.jar;E:\Orbit\out\production\Orbit;E:\Orbit\lib\fxgl-0.2.9-uber.jar;C:\Program Files (x86)\JetBrains\IntelliJ IDEA Community Edition 2016.3.1\lib\idea_rt.jar
27 Apr 2017, 20:59:50.475 [  FINER] [   FXGL.SystemLogger] [                     main] user.name=lukel
27 Apr 2017, 20:59:50.478 [  FINER] [   FXGL.SystemLogger] [                     main] file.encoding=UTF-8
27 Apr 2017, 20:59:50.479 [  FINER] [   FXGL.SystemLogger] [                     main] idea.launcher.bin.path=C:\Program Files (x86)\JetBrains\IntelliJ IDEA Community Edition 2016.3.1\bin
27 Apr 2017, 20:59:50.479 [  FINER] [   FXGL.SystemLogger] [                     main] java.specification.version=1.8
27 Apr 2017, 20:59:50.479 [  FINER] [   FXGL.SystemLogger] [                     main] java.awt.printerjob=sun.awt.windows.WPrinterJob
27 Apr 2017, 20:59:50.479 [  FINER] [   FXGL.SystemLogger] [                     main] user.timezone=America/New_York
27 Apr 2017, 20:59:50.481 [  FINER] [   FXGL.SystemLogger] [                     main] user.home=C:\Users\lukel
27 Apr 2017, 20:59:50.481 [  FINER] [   FXGL.SystemLogger] [                     main] os.version=10.0
27 Apr 2017, 20:59:50.481 [  FINER] [   FXGL.SystemLogger] [                     main] sun.management.compiler=HotSpot 64-Bit Tiered Compilers
27 Apr 2017, 20:59:50.481 [  FINER] [   FXGL.SystemLogger] [                     main] java.specification.name=Java Platform API Specification
27 Apr 2017, 20:59:50.482 [  FINER] [   FXGL.SystemLogger] [                     main] java.class.version=52.0
27 Apr 2017, 20:59:50.482 [  FINER] [   FXGL.SystemLogger] [                     main] java.library.path=C:\Program Files\Java\jdk1.8.0_111\bin;C:\Windows\Sun\Java\bin;C:\Windows\system32;C:\Windows;C:\ProgramData\Oracle\Java\javapath;C:\Program Files (x86)\Intel\iCLS Client\;C:\Program Files\Intel\iCLS Client\;C:\Windows\system32;C:\Windows;C:\Windows\System32\Wbem;C:\Windows\System32\WindowsPowerShell\v1.0\;C:\Program Files (x86)\Intel\Intel(R) Management Engine Components\DAL;C:\Program Files\Intel\Intel(R) Management Engine Components\DAL;C:\Program Files (x86)\Intel\Intel(R) Management Engine Components\IPT;C:\Program Files\Intel\Intel(R) Management Engine Components\IPT;C:\Users\lukel\AppData\Local\Microsoft\WindowsApps;;.
27 Apr 2017, 20:59:50.482 [  FINER] [   FXGL.SystemLogger] [                     main] sun.jnu.encoding=Cp1252
27 Apr 2017, 20:59:50.483 [  FINER] [   FXGL.SystemLogger] [                     main] os.name=Windows 10
27 Apr 2017, 20:59:50.483 [  FINER] [   FXGL.SystemLogger] [                     main] user.variant=
27 Apr 2017, 20:59:50.483 [  FINER] [   FXGL.SystemLogger] [                     main] java.vm.specification.vendor=Oracle Corporation
27 Apr 2017, 20:59:50.483 [  FINER] [   FXGL.SystemLogger] [                     main] java.io.tmpdir=C:\Users\lukel\AppData\Local\Temp\
27 Apr 2017, 20:59:50.483 [  FINER] [   FXGL.SystemLogger] [                     main] line.separator=

27 Apr 2017, 20:59:50.484 [  FINER] [   FXGL.SystemLogger] [                     main] java.endorsed.dirs=C:\Program Files\Java\jdk1.8.0_111\jre\lib\endorsed
27 Apr 2017, 20:59:50.484 [  FINER] [   FXGL.SystemLogger] [                     main] os.arch=amd64
27 Apr 2017, 20:59:50.484 [  FINER] [   FXGL.SystemLogger] [                     main] java.awt.graphicsenv=sun.awt.Win32GraphicsEnvironment
27 Apr 2017, 20:59:50.484 [  FINER] [   FXGL.SystemLogger] [                     main] java.runtime.version=1.8.0_111-b14
27 Apr 2017, 20:59:50.485 [  FINER] [   FXGL.SystemLogger] [                     main] java.vm.specification.name=Java Virtual Machine Specification
27 Apr 2017, 20:59:50.485 [  FINER] [   FXGL.SystemLogger] [                     main] user.dir=E:\Orbit
27 Apr 2017, 20:59:50.485 [  FINER] [   FXGL.SystemLogger] [                     main] user.country=US
27 Apr 2017, 20:59:50.486 [  FINER] [   FXGL.SystemLogger] [                     main] user.script=
27 Apr 2017, 20:59:50.486 [  FINER] [   FXGL.SystemLogger] [                     main] sun.java.launcher=SUN_STANDARD
27 Apr 2017, 20:59:50.487 [  FINER] [   FXGL.SystemLogger] [                     main] sun.os.patch.level=
27 Apr 2017, 20:59:50.487 [  FINER] [   FXGL.SystemLogger] [                     main] idea.launcher.port=7533
27 Apr 2017, 20:59:50.487 [  FINER] [   FXGL.SystemLogger] [                     main] java.vm.name=Java HotSpot(TM) 64-Bit Server VM
27 Apr 2017, 20:59:50.487 [  FINER] [   FXGL.SystemLogger] [                     main] file.encoding.pkg=sun.io
27 Apr 2017, 20:59:50.487 [  FINER] [   FXGL.SystemLogger] [                     main] path.separator=;
27 Apr 2017, 20:59:50.488 [  FINER] [   FXGL.SystemLogger] [                     main] java.vm.vendor=Oracle Corporation
27 Apr 2017, 20:59:50.488 [  FINER] [   FXGL.SystemLogger] [                     main] java.vendor.url=http://java.oracle.com/
27 Apr 2017, 20:59:50.488 [  FINER] [   FXGL.SystemLogger] [                     main] sun.boot.library.path=C:\Program Files\Java\jdk1.8.0_111\jre\bin
27 Apr 2017, 20:59:50.488 [  FINER] [   FXGL.SystemLogger] [                     main] java.vm.version=25.111-b14
27 Apr 2017, 20:59:50.488 [  FINER] [   FXGL.SystemLogger] [                     main] java.runtime.name=Java(TM) SE Runtime Environment
27 Apr 2017, 20:59:50.492 [   INFO] [   FXGL.SystemLogger] [                     main] FXGL-0.2.9
27 Apr 2017, 20:59:50.493 [   INFO] [   FXGL.SystemLogger] [                     main] Source code and latest versions at: https://github.com/AlmasB/FXGL
27 Apr 2017, 20:59:50.496 [   INFO] [   FXGL.SystemLogger] [                     main]              Join the FXGL chat at: https://gitter.im/AlmasB/FXGL
27 Apr 2017, 20:59:50.742 [  FINER] [   FXGL.SystemLogger] [JavaFX Application Thread] Starting JavaFX
27 Apr 2017, 20:59:50.742 [  FINER] [   FXGL.SystemLogger] [          JavaFX-Launcher] Initializing FXGL
27 Apr 2017, 20:59:50.759 [  FINER] [   FXGL.SystemLogger] [JavaFX Application Thread] Starting FXGL
27 Apr 2017, 20:59:50.988 [  FINER] [   FXGL.SystemLogger] [     FXGL Launcher Thread] Configuring FXGL
27 Apr 2017, 20:59:50.988 [  FINER] [   FXGL.SystemLogger] [     FXGL Launcher Thread] Initializing system properties
27 Apr 2017, 20:59:51.012 [  FINER] [   FXGL.SystemLogger] [     FXGL Launcher Thread] sound.notification = system/notification.wav
27 Apr 2017, 20:59:51.013 [  FINER] [   FXGL.SystemLogger] [     FXGL Launcher Thread] url.storage = https://raw.githubusercontent.com/AlmasB/git-server/master/storage/
27 Apr 2017, 20:59:51.013 [  FINER] [   FXGL.SystemLogger] [     FXGL Launcher Thread] asset.cache.size = 35
27 Apr 2017, 20:59:51.013 [  FINER] [   FXGL.SystemLogger] [     FXGL Launcher Thread] fs.profiledir = profiles/
27 Apr 2017, 20:59:51.013 [  FINER] [   FXGL.SystemLogger] [     FXGL Launcher Thread] url.pom = https://raw.githubusercontent.com/AlmasB/FXGL/master/pom.xml
27 Apr 2017, 20:59:51.013 [  FINER] [   FXGL.SystemLogger] [     FXGL Launcher Thread] dev.showbbox = false
27 Apr 2017, 20:59:51.014 [  FINER] [   FXGL.SystemLogger] [     FXGL Launcher Thread] fs.datafile.ext = .dat
27 Apr 2017, 20:59:51.014 [  FINER] [   FXGL.SystemLogger] [     FXGL Launcher Thread] sound.menu.back = menu/back.wav
27 Apr 2017, 20:59:51.014 [  FINER] [   FXGL.SystemLogger] [     FXGL Launcher Thread] sound.menu.select = menu/select.wav
27 Apr 2017, 20:59:51.014 [  FINER] [   FXGL.SystemLogger] [     FXGL Launcher Thread] url.github = https://github.com/AlmasB/FXGL
27 Apr 2017, 20:59:51.014 [  FINER] [   FXGL.SystemLogger] [     FXGL Launcher Thread] url.surveymonkey = https://www.surveymonkey.co.uk/r/BH6LLPM
27 Apr 2017, 20:59:51.014 [  FINER] [   FXGL.SystemLogger] [     FXGL Launcher Thread] physics.ppm = 50.0
27 Apr 2017, 20:59:51.014 [  FINER] [   FXGL.SystemLogger] [     FXGL Launcher Thread] ui.css = fxgl.css
27 Apr 2017, 20:59:51.015 [  FINER] [   FXGL.SystemLogger] [     FXGL Launcher Thread] version.check.days = 7
27 Apr 2017, 20:59:51.015 [  FINER] [   FXGL.SystemLogger] [     FXGL Launcher Thread] fs.savefile.ext = .sav
27 Apr 2017, 20:59:51.015 [  FINER] [   FXGL.SystemLogger] [     FXGL Launcher Thread] pooling.initialSize = 128
27 Apr 2017, 20:59:51.015 [  FINER] [   FXGL.SystemLogger] [     FXGL Launcher Thread] ui.font = Copperplate_Gothic_Light_Regular.ttf
27 Apr 2017, 20:59:51.015 [  FINER] [   FXGL.SystemLogger] [     FXGL Launcher Thread] fs.savedir = saves/
27 Apr 2017, 20:59:51.015 [  FINER] [   FXGL.SystemLogger] [     FXGL Launcher Thread] fs.profilename = user.profile
27 Apr 2017, 20:59:51.016 [  FINER] [   FXGL.SystemLogger] [     FXGL Launcher Thread] ui.icon.name = fxgl_icon.png
27 Apr 2017, 20:59:51.016 [  FINER] [   FXGL.SystemLogger] [     FXGL Launcher Thread] url.googleforms = https://goo.gl/forms/6wrMnOBxTE1fEpOy2
27 Apr 2017, 20:59:51.016 [  FINER] [   FXGL.SystemLogger] [     FXGL Launcher Thread] sound.menu.press = menu/press.wav
27 Apr 2017, 20:59:51.016 [  FINER] [   FXGL.SystemLogger] [     FXGL Launcher Thread] Initializing user properties
27 Apr 2017, 20:59:51.016 [   INFO] [   FXGL.SystemLogger] [     FXGL Launcher Thread] User properties not found. Using system
27 Apr 2017, 20:59:51.017 [  FINER] [   FXGL.SystemLogger] [     FXGL Launcher Thread] Initializing app settings
27 Apr 2017, 20:59:51.022 [  FINER] [   FXGL.SystemLogger] [     FXGL Launcher Thread] Logging settings
Title: orbit
Version: 0.5
Width: 1440
Height: 900
Fullscreen: false
Intro: false
Menus: false
Profiling: false
App Mode: DEVELOPER
Menu Style: FXGL_DEFAULT
Menu Key: ESCAPE
Services: []
27 Apr 2017, 20:59:51.567 [  FINER] [   FXGL.SystemLogger] [     FXGL Launcher Thread] FXGL configuration complete
27 Apr 2017, 20:59:51.567 [   INFO] [   FXGL.SystemLogger] [     FXGL Launcher Thread] FXGL configuration took:  0.579 sec
27 Apr 2017, 20:59:51.571 [  FINER] [   FXGL.SystemLogger] [JavaFX Application Thread] Running task: UpdaterTask
27 Apr 2017, 20:59:51.574 [  FINER] [   FXGL.SystemLogger] [     FXGL Launcher Thread] Running task: PreInitTask
27 Apr 2017, 20:59:51.657 [  FINER] [   FXGL.SystemLogger] [     FXGL Launcher Thread] Running task: InitScenesTask
27 Apr 2017, 20:59:51.810 [  FINER] [   FXGL.SystemLogger] [     FXGL Launcher Thread] Running task: InitEventHandlersTask
27 Apr 2017, 20:59:51.837 [  FINER] [   FXGL.SystemLogger] [     FXGL Launcher Thread] Running task: InitProfilerTask
27 Apr 2017, 20:59:51.840 [  FINER] [   FXGL.SystemLogger] [     FXGL Launcher Thread] Pausing main loop
27 Apr 2017, 20:59:51.843 [  FINER] [   FXGL.SystemLogger] [     FXGL Launcher Thread] Resetting FXGL application
27 Apr 2017, 20:59:51.896 [   INFO] [   FXGL.SystemLogger] [     FXGL Launcher Thread] Game configuration took:  0.323 sec
27 Apr 2017, 20:59:52.749 [   INFO] [   FXGL.SystemLogger] [ FXGL Background Thread 1] Game initialization took: 0.852 sec
27 Apr 2017, 20:59:52.750 [  FINER] [   FXGL.SystemLogger] [JavaFX Application Thread] Resuming main loop
27 Apr 2017, 21:02:22.121 [  FINER] [   FXGL.SystemLogger] [JavaFX Application Thread] Exiting Normally
27 Apr 2017, 21:02:24.836 [  FINER] [   FXGL.SystemLogger] [JavaFX Application Thread] Exiting FXGL
27 Apr 2017, 21:02:24.836 [  FINER] [   FXGL.SystemLogger] [JavaFX Application Thread] Logger is closing
