22:36:08.731 [FXGL Launcher Thread     ] DEBUG FXGLLoggerFactory    - Service [LoggerFactory] initialized
22:36:08.736 [FXGL Launcher Thread     ] DEBUG FXGL                 - FXGL configuration complete
22:36:08.736 [FXGL Launcher Thread     ] DEBUG FXGL                 - Loading FXGL system data
22:36:08.738 [FXGL Launcher Thread     ] DEBUG IOTask               - Executing task: readDataTask(system/fxgl.bundle)
22:36:08.741 [FXGL Launcher Thread     ] DEBUG FS                   - Reading from: system\fxgl.bundle
22:36:08.745 [FXGL Launcher Thread     ] DEBUG IOTask               - Task succeeded: readDataTask(system/fxgl.bundle)
22:36:08.745 [FXGL Launcher Thread     ] DEBUG Bundle               - Logging bundle: FXGL
22:36:08.745 [FXGL Launcher Thread     ] DEBUG Bundle               - FXGL.offline.timer.version.check=2017-03-04T23:28:25.448
22:36:08.750 [FXGL Launcher Thread     ] DEBUG GameApplication      - Configuring GameApplication
22:36:08.753 [FXGL Launcher Thread     ] DEBUG FXGLExceptionHandler - Service [ExceptionHandler] initialized
22:36:08.753 [FXGL Launcher Thread     ] DEBUG FXGLEventBus         - Service [EventBus] initialized
22:36:08.756 [FXGL Launcher Thread     ] DEBUG FXGLExecutor         - Service [Executor] initialized
22:36:08.756 [FXGL Launcher Thread     ] DEBUG PreInitTask          - Injecting gameWorld & physicsWorld
22:36:08.760 [FXGL Launcher Thread     ] DEBUG GameWorld            - Game world initialized
22:36:08.793 [FXGL Launcher Thread     ] DEBUG FXGLPooler           - Service [Pooler] initialized with default size = 128
22:36:08.793 [FXGL Launcher Thread     ] DEBUG PhysicsWorld         - Physics world initialized: appHeight=900.0, physics.ppm=50.0
22:36:08.794 [FXGL Launcher Thread     ] DEBUG FXGLInput            - Service [Input] initialized
22:36:08.810 [FXGL Launcher Thread     ] DEBUG FXGLInput            - Registered new binding: Screenshot - P
22:36:08.810 [FXGL Launcher Thread     ] DEBUG FXGLInput            - Registered new binding: Dev Options - CTRL+0
22:36:08.811 [FXGL Launcher Thread     ] DEBUG FXGLInput            - Registered new binding: UP - W
22:36:08.811 [FXGL Launcher Thread     ] DEBUG FXGLInput            - Registered new binding: DOWN - S
22:36:08.811 [FXGL Launcher Thread     ] DEBUG FXGLInput            - Registered new binding: LEFT - A
22:36:08.811 [FXGL Launcher Thread     ] DEBUG FXGLInput            - Registered new binding: RIGHT - D
22:36:08.811 [FXGL Launcher Thread     ] DEBUG FXGLInput            - Registered new binding: ADDORBITAL - Numpad 1
22:36:08.811 [FXGL Launcher Thread     ] DEBUG FXGLInput            - Registered new binding: REMOVEORBITAL - Numpad 0
22:36:08.811 [FXGL Launcher Thread     ] DEBUG FXGLInput            - Registered new binding: ADDRANGE - Numpad 3
22:36:08.811 [FXGL Launcher Thread     ] DEBUG FXGLInput            - Registered new binding: REMOVERANGE - Numpad 2
22:36:08.811 [FXGL Launcher Thread     ] DEBUG FXGLInput            - Registered new binding: ADDDAMAGE - Numpad 5
22:36:08.811 [FXGL Launcher Thread     ] DEBUG FXGLInput            - Registered new binding: REMOVEDAMAGE - Numpad 4
22:36:08.831 [FXGL Launcher Thread     ] DEBUG GameScene            - Game scene initialized: 1440.0x900.0
22:36:08.836 [FXGL Launcher Thread     ] DEBUG FXGLAssetLoader      - Service [AssetLoader] initialized: cacheSize=35
22:36:08.837 [FXGL Launcher Thread     ] DEBUG FXGLAssetLoader      - Loading from disk: /assets/sounds/system/notification.wav
22:36:08.857 [FXGL Launcher Thread     ] DEBUG FXGLAssetLoader      - Loading from disk: /assets/sounds/menu/select.wav
22:36:08.858 [FXGL Launcher Thread     ] DEBUG FXGLAssetLoader      - Loading from disk: /assets/sounds/menu/back.wav
22:36:08.859 [FXGL Launcher Thread     ] DEBUG FXGLAssetLoader      - Loading from disk: /assets/sounds/menu/press.wav
22:36:08.861 [FXGL Launcher Thread     ] DEBUG FXGLAssetLoader      - Loading from disk: /assets/ui/fonts/Copperplate_Gothic_Light_Regular.ttf
22:36:08.932 [FXGL Launcher Thread     ] DEBUG FXGLAssetLoader      - Loading from disk: /assets/ui/css/fxgl.css
22:36:08.933 [FXGL Launcher Thread     ] DEBUG FXGLAssetLoader      - Loading from disk: /assets/ui/icons/fxgl_icon.png
22:36:08.956 [FXGL Launcher Thread     ] DEBUG FXGLAssetLoader      - Loading from disk: /assets/ui/css/fxgl_dark.css
22:36:08.964 [FXGL Launcher Thread     ] DEBUG FXGLDisplay          - Target size: DoubleProperty [value: 1440.0] x DoubleProperty [value: 900.0] @ 1.0
22:36:08.964 [FXGL Launcher Thread     ] DEBUG FXGLDisplay          - New size:    1440.0 x 900.0 @ DoubleProperty [value: 1.0]
22:36:08.964 [FXGL Launcher Thread     ] DEBUG FXGLDisplay          - Service [Display] initialized
22:36:08.965 [FXGL Launcher Thread     ] DEBUG FXGLDisplay          - Using CSS: CSS(externalForm=jar:file:/C:/Users/lukel/Documents/Programming/Orbit/lib/fxgl-0.2.9-uber.jar!/assets/ui/css/fxgl_dark.css)
22:36:08.965 [FXGL Launcher Thread     ] DEBUG InitScenesTask       - Injecting loadingScene & gameScene
22:36:08.976 [FXGL Launcher Thread     ] DEBUG FXGLMasterTimer      - Service [MasterTimer] initialized
22:36:08.978 [FXGL Launcher Thread     ] DEBUG FXGLAudioPlayer      - Service [AudioPlayer] initialized
22:36:08.984 [FXGL Launcher Thread     ] DEBUG GameApplication      - Starting new game
22:36:08.986 [FXGL Launcher Thread     ] DEBUG GameApplication      - Initializing App
22:36:08.987 [FXGL Launcher Thread     ] DEBUG FXGLInput            - Clearing active input actions
22:36:08.987 [FXGL Launcher Thread     ] DEBUG FXGLMasterTimer      - Stopping master timer
22:36:08.987 [FXGL Launcher Thread     ] DEBUG GameApplication      - State: STARTUP -> PAUSED
22:36:08.987 [FXGL Launcher Thread     ] DEBUG FXGLEventBus         - Firing event: FXGLEvent[type=PAUSE]
22:36:08.988 [FXGL Launcher Thread     ] DEBUG FXGLInput            - Clearing active input actions
22:36:08.988 [FXGL Launcher Thread     ] DEBUG FXGLMasterTimer      - Resetting ticks and clearing all actions
22:36:08.989 [FXGL Launcher Thread     ] DEBUG GameWorld            - Resetting game world
22:36:08.989 [FXGL Launcher Thread     ] TRACE EntityWorld          - Resetting entity world
22:36:08.990 [FXGL Launcher Thread     ] DEBUG PhysicsWorld         - Resetting physics world
22:36:08.990 [FXGL Launcher Thread     ] DEBUG GameScene            - Resetting game scene
22:36:08.990 [FXGL Launcher Thread     ] DEBUG FXGLEventBus         - Firing event: FXGLEvent[type=RESET]
22:36:09.020 [FXGL Launcher Thread     ] DEBUG GameApplication      - State: PAUSED -> LOADING
22:36:09.041 [FXGL Background Thread 1 ] DEBUG InitAppTask          - Initializing Assets
22:36:09.042 [FXGL Background Thread 1 ] DEBUG InitAppTask          - Initializing Game
22:36:09.060 [FXGL Background Thread 1 ] DEBUG InitAppTask          - Initializing Physics
22:36:09.061 [FXGL Background Thread 1 ] DEBUG InitAppTask          - Initializing UI
22:36:09.061 [FXGL Background Thread 1 ] DEBUG InitAppTask          - Initialization Complete
22:36:09.089 [JavaFX Application Thread] DEBUG FXGLDisplay          - Showing stage
22:36:09.090 [JavaFX Application Thread] DEBUG FXGLDisplay          - Root size: 1440.0x900.0
22:36:09.090 [JavaFX Application Thread] DEBUG FXGLDisplay          - Scene size: 1440.0x900.0
22:36:09.090 [JavaFX Application Thread] DEBUG FXGLDisplay          - Stage size: 1456.0x939.0
22:36:09.134 [JavaFX Application Thread] DEBUG FXGLInput            - Clearing active input actions
22:36:09.135 [JavaFX Application Thread] DEBUG FXGLMasterTimer      - Starting master timer
22:36:09.135 [JavaFX Application Thread] DEBUG GameApplication      - State: LOADING -> PLAYING
22:36:09.138 [JavaFX Application Thread] DEBUG FXGLEventBus         - Firing event: FXGLEvent[type=RESUME]
22:36:09.141 [JavaFX Application Thread] DEBUG GameScene            - Entity added to scene
22:36:09.141 [JavaFX Application Thread] DEBUG GameScene            - Added MainViewComponent
22:36:09.143 [JavaFX Application Thread] DEBUG GameScene            - Creating render group for layer: background(0)
22:36:09.146 [JavaFX Application Thread] DEBUG GameScene            - Entity added to scene
22:36:09.146 [JavaFX Application Thread] DEBUG GameScene            - Added MainViewComponent
22:36:09.147 [JavaFX Application Thread] DEBUG GameScene            - Creating render group for layer: middle(50)
22:36:09.148 [JavaFX Application Thread] DEBUG GameScene            - Entity added to scene
22:36:09.148 [JavaFX Application Thread] DEBUG GameScene            - Added MainViewComponent
22:36:09.148 [JavaFX Application Thread] DEBUG GameScene            - Entity added to scene
22:36:09.148 [JavaFX Application Thread] DEBUG GameScene            - Added MainViewComponent
22:36:09.149 [JavaFX Application Thread] DEBUG GameScene            - Entity added to scene
22:36:09.149 [JavaFX Application Thread] DEBUG GameScene            - Added MainViewComponent
22:36:09.149 [JavaFX Application Thread] DEBUG GameScene            - Creating render group for layer: top(100)
22:36:09.150 [JavaFX Application Thread] DEBUG GameScene            - Entity added to scene
22:36:09.150 [JavaFX Application Thread] DEBUG GameScene            - Added MainViewComponent
22:36:09.150 [JavaFX Application Thread] DEBUG GameScene            - Creating render group for layer: bottom(1)
22:36:11.984 [JavaFX Application Thread] DEBUG GameScene            - Creating render group for layer: TOP(2147483647)
22:36:15.161 [JavaFX Application Thread] DEBUG FXGLEventBus         - Firing event: DisplayEvent[type=CLOSE_REQUEST]
22:36:15.162 [JavaFX Application Thread] DEBUG FXGLEventBus         - Firing event: FXGLEvent[type=EXIT]
22:36:15.162 [JavaFX Application Thread] DEBUG FXGL                 - Saving FXGL system data
22:36:15.162 [JavaFX Application Thread] DEBUG IOTask               - Executing task: writeDataTask(system/fxgl.bundle)
22:36:15.164 [JavaFX Application Thread] DEBUG FS                   - Writing to: system\fxgl.bundle
22:36:15.166 [JavaFX Application Thread] DEBUG IOTask               - Task succeeded: writeDataTask(system/fxgl.bundle)
