22:36:29.973 [FXGL Launcher Thread     ] DEBUG FXGLLoggerFactory    - Service [LoggerFactory] initialized
22:36:29.977 [FXGL Launcher Thread     ] DEBUG FXGL                 - FXGL configuration complete
22:36:29.977 [FXGL Launcher Thread     ] DEBUG FXGL                 - Loading FXGL system data
22:36:29.980 [FXGL Launcher Thread     ] DEBUG IOTask               - Executing task: readDataTask(system/fxgl.bundle)
22:36:29.982 [FXGL Launcher Thread     ] DEBUG FS                   - Reading from: system\fxgl.bundle
22:36:29.988 [FXGL Launcher Thread     ] DEBUG IOTask               - Task succeeded: readDataTask(system/fxgl.bundle)
22:36:29.988 [FXGL Launcher Thread     ] DEBUG Bundle               - Logging bundle: FXGL
22:36:29.988 [FXGL Launcher Thread     ] DEBUG Bundle               - FXGL.offline.timer.version.check=2017-03-04T23:28:25.448
22:36:29.993 [FXGL Launcher Thread     ] DEBUG GameApplication      - Configuring GameApplication
22:36:29.996 [FXGL Launcher Thread     ] DEBUG FXGLExceptionHandler - Service [ExceptionHandler] initialized
22:36:29.997 [FXGL Launcher Thread     ] DEBUG FXGLEventBus         - Service [EventBus] initialized
22:36:29.999 [FXGL Launcher Thread     ] DEBUG FXGLExecutor         - Service [Executor] initialized
22:36:29.999 [FXGL Launcher Thread     ] DEBUG PreInitTask          - Injecting gameWorld & physicsWorld
22:36:30.005 [FXGL Launcher Thread     ] DEBUG GameWorld            - Game world initialized
22:36:30.042 [FXGL Launcher Thread     ] DEBUG FXGLPooler           - Service [Pooler] initialized with default size = 128
22:36:30.042 [FXGL Launcher Thread     ] DEBUG PhysicsWorld         - Physics world initialized: appHeight=900.0, physics.ppm=50.0
22:36:30.043 [FXGL Launcher Thread     ] DEBUG FXGLInput            - Service [Input] initialized
22:36:30.057 [FXGL Launcher Thread     ] DEBUG FXGLInput            - Registered new binding: Screenshot - P
22:36:30.058 [FXGL Launcher Thread     ] DEBUG FXGLInput            - Registered new binding: Dev Options - CTRL+0
22:36:30.058 [FXGL Launcher Thread     ] DEBUG FXGLInput            - Registered new binding: UP - W
22:36:30.058 [FXGL Launcher Thread     ] DEBUG FXGLInput            - Registered new binding: DOWN - S
22:36:30.058 [FXGL Launcher Thread     ] DEBUG FXGLInput            - Registered new binding: LEFT - A
22:36:30.058 [FXGL Launcher Thread     ] DEBUG FXGLInput            - Registered new binding: RIGHT - D
22:36:30.058 [FXGL Launcher Thread     ] DEBUG FXGLInput            - Registered new binding: ADDORBITAL - Numpad 1
22:36:30.058 [FXGL Launcher Thread     ] DEBUG FXGLInput            - Registered new binding: REMOVEORBITAL - Numpad 0
22:36:30.058 [FXGL Launcher Thread     ] DEBUG FXGLInput            - Registered new binding: ADDRANGE - Numpad 3
22:36:30.058 [FXGL Launcher Thread     ] DEBUG FXGLInput            - Registered new binding: REMOVERANGE - Numpad 2
22:36:30.059 [FXGL Launcher Thread     ] DEBUG FXGLInput            - Registered new binding: ADDDAMAGE - Numpad 5
22:36:30.059 [FXGL Launcher Thread     ] DEBUG FXGLInput            - Registered new binding: REMOVEDAMAGE - Numpad 4
22:36:30.078 [FXGL Launcher Thread     ] DEBUG GameScene            - Game scene initialized: 1440.0x900.0
22:36:30.082 [FXGL Launcher Thread     ] DEBUG FXGLAssetLoader      - Service [AssetLoader] initialized: cacheSize=35
22:36:30.084 [FXGL Launcher Thread     ] DEBUG FXGLAssetLoader      - Loading from disk: /assets/sounds/system/notification.wav
22:36:30.105 [FXGL Launcher Thread     ] DEBUG FXGLAssetLoader      - Loading from disk: /assets/sounds/menu/select.wav
22:36:30.112 [FXGL Launcher Thread     ] DEBUG FXGLAssetLoader      - Loading from disk: /assets/sounds/menu/back.wav
22:36:30.113 [FXGL Launcher Thread     ] DEBUG FXGLAssetLoader      - Loading from disk: /assets/sounds/menu/press.wav
22:36:30.115 [FXGL Launcher Thread     ] DEBUG FXGLAssetLoader      - Loading from disk: /assets/ui/fonts/Copperplate_Gothic_Light_Regular.ttf
22:36:30.178 [FXGL Launcher Thread     ] DEBUG FXGLAssetLoader      - Loading from disk: /assets/ui/css/fxgl.css
22:36:30.178 [FXGL Launcher Thread     ] DEBUG FXGLAssetLoader      - Loading from disk: /assets/ui/icons/fxgl_icon.png
22:36:30.204 [FXGL Launcher Thread     ] DEBUG FXGLAssetLoader      - Loading from disk: /assets/ui/css/fxgl_dark.css
22:36:30.212 [FXGL Launcher Thread     ] DEBUG FXGLDisplay          - Target size: DoubleProperty [value: 1440.0] x DoubleProperty [value: 900.0] @ 1.0
22:36:30.212 [FXGL Launcher Thread     ] DEBUG FXGLDisplay          - New size:    1440.0 x 900.0 @ DoubleProperty [value: 1.0]
22:36:30.213 [FXGL Launcher Thread     ] DEBUG FXGLDisplay          - Service [Display] initialized
22:36:30.213 [FXGL Launcher Thread     ] DEBUG FXGLDisplay          - Using CSS: CSS(externalForm=jar:file:/C:/Users/lukel/Documents/Programming/Orbit/lib/fxgl-0.2.9-uber.jar!/assets/ui/css/fxgl_dark.css)
22:36:30.213 [FXGL Launcher Thread     ] DEBUG InitScenesTask       - Injecting loadingScene & gameScene
22:36:30.224 [FXGL Launcher Thread     ] DEBUG FXGLMasterTimer      - Service [MasterTimer] initialized
22:36:30.226 [FXGL Launcher Thread     ] DEBUG FXGLAudioPlayer      - Service [AudioPlayer] initialized
22:36:30.232 [FXGL Launcher Thread     ] DEBUG GameApplication      - Starting new game
22:36:30.234 [FXGL Launcher Thread     ] DEBUG GameApplication      - Initializing App
22:36:30.235 [FXGL Launcher Thread     ] DEBUG FXGLInput            - Clearing active input actions
22:36:30.235 [FXGL Launcher Thread     ] DEBUG FXGLMasterTimer      - Stopping master timer
22:36:30.235 [FXGL Launcher Thread     ] DEBUG GameApplication      - State: STARTUP -> PAUSED
22:36:30.236 [FXGL Launcher Thread     ] DEBUG FXGLEventBus         - Firing event: FXGLEvent[type=PAUSE]
22:36:30.237 [FXGL Launcher Thread     ] DEBUG FXGLInput            - Clearing active input actions
22:36:30.238 [FXGL Launcher Thread     ] DEBUG FXGLMasterTimer      - Resetting ticks and clearing all actions
22:36:30.238 [FXGL Launcher Thread     ] DEBUG GameWorld            - Resetting game world
22:36:30.238 [FXGL Launcher Thread     ] TRACE EntityWorld          - Resetting entity world
22:36:30.239 [FXGL Launcher Thread     ] DEBUG PhysicsWorld         - Resetting physics world
22:36:30.239 [FXGL Launcher Thread     ] DEBUG GameScene            - Resetting game scene
22:36:30.239 [FXGL Launcher Thread     ] DEBUG FXGLEventBus         - Firing event: FXGLEvent[type=RESET]
22:36:30.272 [FXGL Launcher Thread     ] DEBUG GameApplication      - State: PAUSED -> LOADING
22:36:30.292 [FXGL Background Thread 1 ] DEBUG InitAppTask          - Initializing Assets
22:36:30.293 [FXGL Background Thread 1 ] DEBUG InitAppTask          - Initializing Game
22:36:30.319 [FXGL Background Thread 1 ] DEBUG InitAppTask          - Initializing Physics
22:36:30.320 [FXGL Background Thread 1 ] DEBUG InitAppTask          - Initializing UI
22:36:30.320 [FXGL Background Thread 1 ] DEBUG InitAppTask          - Initialization Complete
22:36:30.331 [JavaFX Application Thread] DEBUG FXGLDisplay          - Showing stage
22:36:30.331 [JavaFX Application Thread] DEBUG FXGLDisplay          - Root size: 1440.0x900.0
22:36:30.331 [JavaFX Application Thread] DEBUG FXGLDisplay          - Scene size: 1440.0x900.0
22:36:30.331 [JavaFX Application Thread] DEBUG FXGLDisplay          - Stage size: 1456.0x939.0
22:36:30.381 [JavaFX Application Thread] DEBUG FXGLInput            - Clearing active input actions
22:36:30.381 [JavaFX Application Thread] DEBUG FXGLMasterTimer      - Starting master timer
22:36:30.381 [JavaFX Application Thread] DEBUG GameApplication      - State: LOADING -> PLAYING
22:36:30.385 [JavaFX Application Thread] DEBUG FXGLEventBus         - Firing event: FXGLEvent[type=RESUME]
22:36:30.388 [JavaFX Application Thread] DEBUG GameScene            - Entity added to scene
22:36:30.389 [JavaFX Application Thread] DEBUG GameScene            - Added MainViewComponent
22:36:30.391 [JavaFX Application Thread] DEBUG GameScene            - Creating render group for layer: background(0)
22:36:30.394 [JavaFX Application Thread] DEBUG GameScene            - Entity added to scene
22:36:30.394 [JavaFX Application Thread] DEBUG GameScene            - Added MainViewComponent
22:36:30.394 [JavaFX Application Thread] DEBUG GameScene            - Creating render group for layer: middle(50)
22:36:30.395 [JavaFX Application Thread] DEBUG GameScene            - Entity added to scene
22:36:30.395 [JavaFX Application Thread] DEBUG GameScene            - Added MainViewComponent
22:36:30.395 [JavaFX Application Thread] DEBUG GameScene            - Entity added to scene
22:36:30.395 [JavaFX Application Thread] DEBUG GameScene            - Added MainViewComponent
22:36:30.395 [JavaFX Application Thread] DEBUG GameScene            - Entity added to scene
22:36:30.395 [JavaFX Application Thread] DEBUG GameScene            - Added MainViewComponent
22:36:30.395 [JavaFX Application Thread] DEBUG GameScene            - Creating render group for layer: top(100)
22:36:30.396 [JavaFX Application Thread] DEBUG GameScene            - Entity added to scene
22:36:30.396 [JavaFX Application Thread] DEBUG GameScene            - Added MainViewComponent
22:36:30.396 [JavaFX Application Thread] DEBUG GameScene            - Creating render group for layer: bottom(1)
22:36:31.620 [JavaFX Application Thread] DEBUG GameScene            - Creating render group for layer: TOP(2147483647)
22:36:34.185 [JavaFX Application Thread] DEBUG FXGLEventBus         - Firing event: DisplayEvent[type=CLOSE_REQUEST]
22:36:34.185 [JavaFX Application Thread] DEBUG FXGLEventBus         - Firing event: FXGLEvent[type=EXIT]
22:36:34.186 [JavaFX Application Thread] DEBUG FXGL                 - Saving FXGL system data
22:36:34.187 [JavaFX Application Thread] DEBUG IOTask               - Executing task: writeDataTask(system/fxgl.bundle)
22:36:34.188 [JavaFX Application Thread] DEBUG FS                   - Writing to: system\fxgl.bundle
22:36:34.191 [JavaFX Application Thread] DEBUG IOTask               - Task succeeded: writeDataTask(system/fxgl.bundle)
