06 Jul 2017, 21:03:12.851 [   INFO] [   FXGL.SystemLogger] [JavaFX Application Thread] System Logger is initialized
06 Jul 2017, 21:03:12.880 [  FINER] [   FXGL.SystemLogger] [JavaFX Application Thread] Logging System Info
06 Jul 2017, 21:03:12.880 [  FINER] [   FXGL.SystemLogger] [JavaFX Application Thread] CPU cores: 4
06 Jul 2017, 21:03:12.891 [  FINER] [   FXGL.SystemLogger] [JavaFX Application Thread] Free Memory: 111MB
06 Jul 2017, 21:03:12.891 [  FINER] [   FXGL.SystemLogger] [JavaFX Application Thread] Max Memory: 1814MB
06 Jul 2017, 21:03:12.891 [  FINER] [   FXGL.SystemLogger] [JavaFX Application Thread] Total Memory: 123MB
06 Jul 2017, 21:03:12.892 [  FINER] [   FXGL.SystemLogger] [JavaFX Application Thread] System Properties:
06 Jul 2017, 21:03:12.893 [  FINER] [   FXGL.SystemLogger] [JavaFX Application Thread] sun.cpu.isalist=amd64
06 Jul 2017, 21:03:12.893 [  FINER] [   FXGL.SystemLogger] [JavaFX Application Thread] sun.desktop=windows
06 Jul 2017, 21:03:12.893 [  FINER] [   FXGL.SystemLogger] [JavaFX Application Thread] sun.io.unicode.encoding=UnicodeLittle
06 Jul 2017, 21:03:12.894 [  FINER] [   FXGL.SystemLogger] [JavaFX Application Thread] sun.cpu.endian=little
06 Jul 2017, 21:03:12.894 [  FINER] [   FXGL.SystemLogger] [JavaFX Application Thread] java.vendor.url.bug=http://bugreport.sun.com/bugreport/
06 Jul 2017, 21:03:12.894 [  FINER] [   FXGL.SystemLogger] [JavaFX Application Thread] file.separator=\
06 Jul 2017, 21:03:12.895 [  FINER] [   FXGL.SystemLogger] [JavaFX Application Thread] java.vendor=Oracle Corporation
06 Jul 2017, 21:03:12.895 [  FINER] [   FXGL.SystemLogger] [JavaFX Application Thread] sun.boot.class.path=C:\Program Files\Java\jre1.8.0_121\lib\resources.jar;C:\Program Files\Java\jre1.8.0_121\lib\rt.jar;C:\Program Files\Java\jre1.8.0_121\lib\sunrsasign.jar;C:\Program Files\Java\jre1.8.0_121\lib\jsse.jar;C:\Program Files\Java\jre1.8.0_121\lib\jce.jar;C:\Program Files\Java\jre1.8.0_121\lib\charsets.jar;C:\Program Files\Java\jre1.8.0_121\lib\jfr.jar;C:\Program Files\Java\jre1.8.0_121\classes
06 Jul 2017, 21:03:12.895 [  FINER] [   FXGL.SystemLogger] [JavaFX Application Thread] java.ext.dirs=C:\Program Files\Java\jre1.8.0_121\lib\ext;C:\WINDOWS\Sun\Java\lib\ext
06 Jul 2017, 21:03:12.896 [  FINER] [   FXGL.SystemLogger] [JavaFX Application Thread] java.version=1.8.0_121
06 Jul 2017, 21:03:12.896 [  FINER] [   FXGL.SystemLogger] [JavaFX Application Thread] java.vm.info=mixed mode
06 Jul 2017, 21:03:12.896 [  FINER] [   FXGL.SystemLogger] [JavaFX Application Thread] awt.toolkit=sun.awt.windows.WToolkit
06 Jul 2017, 21:03:12.896 [  FINER] [   FXGL.SystemLogger] [JavaFX Application Thread] user.language=en
06 Jul 2017, 21:03:12.896 [  FINER] [   FXGL.SystemLogger] [JavaFX Application Thread] java.specification.vendor=Oracle Corporation
06 Jul 2017, 21:03:12.897 [  FINER] [   FXGL.SystemLogger] [JavaFX Application Thread] sun.java.command=E:\Orbit\out\artifacts\Orbit_jar\Orbit.jar
06 Jul 2017, 21:03:12.897 [  FINER] [   FXGL.SystemLogger] [JavaFX Application Thread] java.home=C:\Program Files\Java\jre1.8.0_121
06 Jul 2017, 21:03:12.897 [  FINER] [   FXGL.SystemLogger] [JavaFX Application Thread] sun.arch.data.model=64
06 Jul 2017, 21:03:12.897 [  FINER] [   FXGL.SystemLogger] [JavaFX Application Thread] java.vm.specification.version=1.8
06 Jul 2017, 21:03:12.898 [  FINER] [   FXGL.SystemLogger] [JavaFX Application Thread] java.class.path=E:\Orbit\out\artifacts\Orbit_jar\Orbit.jar
06 Jul 2017, 21:03:12.898 [  FINER] [   FXGL.SystemLogger] [JavaFX Application Thread] user.name=lukel
06 Jul 2017, 21:03:12.898 [  FINER] [   FXGL.SystemLogger] [JavaFX Application Thread] file.encoding=Cp1252
06 Jul 2017, 21:03:12.898 [  FINER] [   FXGL.SystemLogger] [JavaFX Application Thread] java.specification.version=1.8
06 Jul 2017, 21:03:12.899 [  FINER] [   FXGL.SystemLogger] [JavaFX Application Thread] java.awt.printerjob=sun.awt.windows.WPrinterJob
06 Jul 2017, 21:03:12.899 [  FINER] [   FXGL.SystemLogger] [JavaFX Application Thread] user.timezone=America/New_York
06 Jul 2017, 21:03:12.899 [  FINER] [   FXGL.SystemLogger] [JavaFX Application Thread] user.home=C:\Users\lukel
06 Jul 2017, 21:03:12.899 [  FINER] [   FXGL.SystemLogger] [JavaFX Application Thread] os.version=10.0
06 Jul 2017, 21:03:12.900 [  FINER] [   FXGL.SystemLogger] [JavaFX Application Thread] sun.management.compiler=HotSpot 64-Bit Tiered Compilers
06 Jul 2017, 21:03:12.900 [  FINER] [   FXGL.SystemLogger] [JavaFX Application Thread] java.specification.name=Java Platform API Specification
06 Jul 2017, 21:03:12.900 [  FINER] [   FXGL.SystemLogger] [JavaFX Application Thread] java.class.version=52.0
06 Jul 2017, 21:03:12.900 [  FINER] [   FXGL.SystemLogger] [JavaFX Application Thread] java.library.path=C:\Program Files\Java\jre1.8.0_121\bin;C:\WINDOWS\Sun\Java\bin;C:\WINDOWS\system32;C:\WINDOWS;C:\ProgramData\Oracle\Java\javapath;C:\Program Files (x86)\Intel\iCLS Client\;C:\Program Files\Intel\iCLS Client\;C:\WINDOWS\system32;C:\WINDOWS;C:\WINDOWS\System32\Wbem;C:\WINDOWS\System32\WindowsPowerShell\v1.0\;C:\Program Files (x86)\Intel\Intel(R) Management Engine Components\DAL;C:\Program Files\Intel\Intel(R) Management Engine Components\DAL;C:\Program Files (x86)\Intel\Intel(R) Management Engine Components\IPT;C:\Program Files\Intel\Intel(R) Management Engine Components\IPT;C:\Program Files (x86)\GtkSharp\2.12\bin;C:\Users\lukel\AppData\Local\Microsoft\WindowsApps;;.
06 Jul 2017, 21:03:12.900 [  FINER] [   FXGL.SystemLogger] [JavaFX Application Thread] sun.jnu.encoding=Cp1252
06 Jul 2017, 21:03:12.901 [  FINER] [   FXGL.SystemLogger] [JavaFX Application Thread] os.name=Windows 10
06 Jul 2017, 21:03:12.902 [  FINER] [   FXGL.SystemLogger] [JavaFX Application Thread] user.variant=
06 Jul 2017, 21:03:12.902 [  FINER] [   FXGL.SystemLogger] [JavaFX Application Thread] java.vm.specification.vendor=Oracle Corporation
06 Jul 2017, 21:03:12.902 [  FINER] [   FXGL.SystemLogger] [JavaFX Application Thread] java.io.tmpdir=C:\Users\lukel\AppData\Local\Temp\
06 Jul 2017, 21:03:12.902 [  FINER] [   FXGL.SystemLogger] [JavaFX Application Thread] line.separator=

06 Jul 2017, 21:03:12.902 [  FINER] [   FXGL.SystemLogger] [JavaFX Application Thread] java.endorsed.dirs=C:\Program Files\Java\jre1.8.0_121\lib\endorsed
06 Jul 2017, 21:03:12.903 [  FINER] [   FXGL.SystemLogger] [JavaFX Application Thread] os.arch=amd64
06 Jul 2017, 21:03:12.903 [  FINER] [   FXGL.SystemLogger] [JavaFX Application Thread] javafx.runtime.version=8.0.121-b13
06 Jul 2017, 21:03:12.903 [  FINER] [   FXGL.SystemLogger] [JavaFX Application Thread] java.awt.graphicsenv=sun.awt.Win32GraphicsEnvironment
06 Jul 2017, 21:03:12.903 [  FINER] [   FXGL.SystemLogger] [JavaFX Application Thread] java.runtime.version=1.8.0_121-b13
06 Jul 2017, 21:03:12.904 [  FINER] [   FXGL.SystemLogger] [JavaFX Application Thread] java.vm.specification.name=Java Virtual Machine Specification
06 Jul 2017, 21:03:12.904 [  FINER] [   FXGL.SystemLogger] [JavaFX Application Thread] user.dir=E:\Orbit\out\artifacts\Orbit_jar
06 Jul 2017, 21:03:12.904 [  FINER] [   FXGL.SystemLogger] [JavaFX Application Thread] user.country=US
06 Jul 2017, 21:03:12.904 [  FINER] [   FXGL.SystemLogger] [JavaFX Application Thread] user.script=
06 Jul 2017, 21:03:12.904 [  FINER] [   FXGL.SystemLogger] [JavaFX Application Thread] sun.java.launcher=SUN_STANDARD
06 Jul 2017, 21:03:12.905 [  FINER] [   FXGL.SystemLogger] [JavaFX Application Thread] sun.os.patch.level=
06 Jul 2017, 21:03:12.905 [  FINER] [   FXGL.SystemLogger] [JavaFX Application Thread] java.vm.name=Java HotSpot(TM) 64-Bit Server VM
06 Jul 2017, 21:03:12.905 [  FINER] [   FXGL.SystemLogger] [JavaFX Application Thread] file.encoding.pkg=sun.io
06 Jul 2017, 21:03:12.905 [  FINER] [   FXGL.SystemLogger] [JavaFX Application Thread] path.separator=;
06 Jul 2017, 21:03:12.905 [  FINER] [   FXGL.SystemLogger] [JavaFX Application Thread] java.vm.vendor=Oracle Corporation
06 Jul 2017, 21:03:12.905 [  FINER] [   FXGL.SystemLogger] [JavaFX Application Thread] java.vendor.url=http://java.oracle.com/
06 Jul 2017, 21:03:12.906 [  FINER] [   FXGL.SystemLogger] [JavaFX Application Thread] sun.boot.library.path=C:\Program Files\Java\jre1.8.0_121\bin
06 Jul 2017, 21:03:12.906 [  FINER] [   FXGL.SystemLogger] [JavaFX Application Thread] java.vm.version=25.121-b13
06 Jul 2017, 21:03:12.906 [  FINER] [   FXGL.SystemLogger] [JavaFX Application Thread] java.runtime.name=Java(TM) SE Runtime Environment
06 Jul 2017, 21:03:12.906 [  FINER] [   FXGL.SystemLogger] [JavaFX Application Thread] javafx.version=8.0.121
06 Jul 2017, 21:03:12.910 [   INFO] [   FXGL.SystemLogger] [JavaFX Application Thread] FXGL-0.2.9
06 Jul 2017, 21:03:12.910 [   INFO] [   FXGL.SystemLogger] [JavaFX Application Thread] Source code and latest versions at: https://github.com/AlmasB/FXGL
06 Jul 2017, 21:03:12.911 [   INFO] [   FXGL.SystemLogger] [JavaFX Application Thread]              Join the FXGL chat at: https://gitter.im/AlmasB/FXGL
06 Jul 2017, 21:03:12.919 [  FINER] [   FXGL.SystemLogger] [JavaFX Application Thread] Starting JavaFX
06 Jul 2017, 21:03:12.920 [  FINER] [   FXGL.SystemLogger] [          JavaFX-Launcher] Initializing FXGL
06 Jul 2017, 21:03:12.933 [  FINER] [   FXGL.SystemLogger] [JavaFX Application Thread] Starting FXGL
06 Jul 2017, 21:03:13.276 [  FINER] [   FXGL.SystemLogger] [     FXGL Launcher Thread] Configuring FXGL
06 Jul 2017, 21:03:13.277 [  FINER] [   FXGL.SystemLogger] [     FXGL Launcher Thread] Initializing system properties
06 Jul 2017, 21:03:13.317 [  FINER] [   FXGL.SystemLogger] [     FXGL Launcher Thread] sound.notification = system/notification.wav
06 Jul 2017, 21:03:13.317 [  FINER] [   FXGL.SystemLogger] [     FXGL Launcher Thread] url.storage = https://raw.githubusercontent.com/AlmasB/git-server/master/storage/
06 Jul 2017, 21:03:13.317 [  FINER] [   FXGL.SystemLogger] [     FXGL Launcher Thread] asset.cache.size = 35
06 Jul 2017, 21:03:13.317 [  FINER] [   FXGL.SystemLogger] [     FXGL Launcher Thread] fs.profiledir = profiles/
06 Jul 2017, 21:03:13.317 [  FINER] [   FXGL.SystemLogger] [     FXGL Launcher Thread] url.pom = https://raw.githubusercontent.com/AlmasB/FXGL/master/pom.xml
06 Jul 2017, 21:03:13.318 [  FINER] [   FXGL.SystemLogger] [     FXGL Launcher Thread] dev.showbbox = false
06 Jul 2017, 21:03:13.318 [  FINER] [   FXGL.SystemLogger] [     FXGL Launcher Thread] fs.datafile.ext = .dat
06 Jul 2017, 21:03:13.318 [  FINER] [   FXGL.SystemLogger] [     FXGL Launcher Thread] sound.menu.back = menu/back.wav
06 Jul 2017, 21:03:13.318 [  FINER] [   FXGL.SystemLogger] [     FXGL Launcher Thread] sound.menu.select = menu/select.wav
06 Jul 2017, 21:03:13.318 [  FINER] [   FXGL.SystemLogger] [     FXGL Launcher Thread] url.github = https://github.com/AlmasB/FXGL
06 Jul 2017, 21:03:13.319 [  FINER] [   FXGL.SystemLogger] [     FXGL Launcher Thread] url.surveymonkey = https://www.surveymonkey.co.uk/r/BH6LLPM
06 Jul 2017, 21:03:13.319 [  FINER] [   FXGL.SystemLogger] [     FXGL Launcher Thread] physics.ppm = 50.0
06 Jul 2017, 21:03:13.319 [  FINER] [   FXGL.SystemLogger] [     FXGL Launcher Thread] ui.css = fxgl.css
06 Jul 2017, 21:03:13.319 [  FINER] [   FXGL.SystemLogger] [     FXGL Launcher Thread] version.check.days = 7
06 Jul 2017, 21:03:13.319 [  FINER] [   FXGL.SystemLogger] [     FXGL Launcher Thread] fs.savefile.ext = .sav
06 Jul 2017, 21:03:13.319 [  FINER] [   FXGL.SystemLogger] [     FXGL Launcher Thread] pooling.initialSize = 128
06 Jul 2017, 21:03:13.320 [  FINER] [   FXGL.SystemLogger] [     FXGL Launcher Thread] ui.font = Copperplate_Gothic_Light_Regular.ttf
06 Jul 2017, 21:03:13.320 [  FINER] [   FXGL.SystemLogger] [     FXGL Launcher Thread] fs.savedir = saves/
06 Jul 2017, 21:03:13.320 [  FINER] [   FXGL.SystemLogger] [     FXGL Launcher Thread] fs.profilename = user.profile
06 Jul 2017, 21:03:13.320 [  FINER] [   FXGL.SystemLogger] [     FXGL Launcher Thread] ui.icon.name = fxgl_icon.png
06 Jul 2017, 21:03:13.320 [  FINER] [   FXGL.SystemLogger] [     FXGL Launcher Thread] url.googleforms = https://goo.gl/forms/6wrMnOBxTE1fEpOy2
06 Jul 2017, 21:03:13.320 [  FINER] [   FXGL.SystemLogger] [     FXGL Launcher Thread] sound.menu.press = menu/press.wav
06 Jul 2017, 21:03:13.320 [  FINER] [   FXGL.SystemLogger] [     FXGL Launcher Thread] Initializing user properties
06 Jul 2017, 21:03:13.322 [   INFO] [   FXGL.SystemLogger] [     FXGL Launcher Thread] User properties not found. Using system
06 Jul 2017, 21:03:13.329 [  FINER] [   FXGL.SystemLogger] [     FXGL Launcher Thread] Initializing app settings
06 Jul 2017, 21:03:13.342 [  FINER] [   FXGL.SystemLogger] [     FXGL Launcher Thread] Logging settings
Title: orbit
Version: 0.5
Width: 1440
Height: 900
Fullscreen: false
Intro: false
Menus: false
Profiling: false
App Mode: DEVELOPER
Menu Style: FXGL_DEFAULT
Menu Key: ESCAPE
Services: []
06 Jul 2017, 21:03:14.832 [  FINER] [   FXGL.SystemLogger] [     FXGL Launcher Thread] FXGL configuration complete
06 Jul 2017, 21:03:14.832 [   INFO] [   FXGL.SystemLogger] [     FXGL Launcher Thread] FXGL configuration took:  1.555 sec
06 Jul 2017, 21:03:14.834 [  FINER] [   FXGL.SystemLogger] [JavaFX Application Thread] Running task: UpdaterTask
06 Jul 2017, 21:03:20.718 [  FINER] [   FXGL.SystemLogger] [     FXGL Launcher Thread] Running task: PreInitTask
06 Jul 2017, 21:03:20.806 [  FINER] [   FXGL.SystemLogger] [     FXGL Launcher Thread] Running task: InitScenesTask
06 Jul 2017, 21:03:21.179 [  FINER] [   FXGL.SystemLogger] [     FXGL Launcher Thread] Running task: InitEventHandlersTask
06 Jul 2017, 21:03:21.473 [  FINER] [   FXGL.SystemLogger] [     FXGL Launcher Thread] Running task: InitProfilerTask
06 Jul 2017, 21:03:21.476 [  FINER] [   FXGL.SystemLogger] [     FXGL Launcher Thread] Pausing main loop
06 Jul 2017, 21:03:21.478 [  FINER] [   FXGL.SystemLogger] [     FXGL Launcher Thread] Resetting FXGL application
06 Jul 2017, 21:03:21.573 [   INFO] [   FXGL.SystemLogger] [     FXGL Launcher Thread] Game configuration took:  0.854 sec
06 Jul 2017, 21:03:23.397 [   INFO] [   FXGL.SystemLogger] [ FXGL Background Thread 1] Game initialization took: 1.824 sec
06 Jul 2017, 21:03:23.397 [  FINER] [   FXGL.SystemLogger] [JavaFX Application Thread] Resuming main loop
06 Jul 2017, 21:04:41.554 [  FINER] [   FXGL.SystemLogger] [JavaFX Application Thread] Exiting Normally
06 Jul 2017, 21:04:41.594 [  FINER] [   FXGL.SystemLogger] [JavaFX Application Thread] Exiting FXGL
06 Jul 2017, 21:04:41.594 [  FINER] [   FXGL.SystemLogger] [JavaFX Application Thread] Logger is closing
